SF:lib\blocs\dropdown\dropdown.dart
DA:7,5
DA:9,5
DA:12,2
LF:3
LH:3
end_of_record
SF:lib\blocs\navigation_bar\navigation_bar.dart
DA:8,16
DA:11,2
LF:2
LH:2
end_of_record
SF:lib\blocs\nonlinear_solver\bloc\bloc.dart
DA:16,14
DA:19,3
DA:20,3
DA:21,6
DA:24,3
DA:25,2
DA:28,3
DA:29,2
DA:33,3
DA:37,9
DA:39,3
DA:40,3
DA:41,3
DA:42,3
DA:44,3
DA:45,3
DA:48,1
DA:49,1
DA:50,1
DA:52,1
DA:53,1
DA:58,6
DA:59,0
DA:60,3
DA:62,1
DA:63,1
DA:67,1
DA:72,3
DA:73,3
DA:75,1
DA:76,1
DA:77,1
DA:78,1
DA:81,1
DA:82,1
DA:85,1
DA:86,1
DA:87,1
DA:90,1
DA:91,1
DA:94,1
DA:95,1
DA:96,1
DA:99,1
DA:100,1
DA:105,2
DA:106,0
DA:107,1
DA:109,0
DA:110,0
DA:114,1
DA:115,1
LF:52
LH:48
end_of_record
SF:lib\blocs\nonlinear_solver\bloc\events.dart
DA:13,37
DA:18,0
DA:19,0
DA:20,0
DA:21,0
DA:39,4
DA:45,2
DA:50,1
DA:51,1
DA:52,1
DA:53,1
DA:54,1
DA:55,1
DA:56,1
DA:60,3
DA:61,6
DA:65,2
DA:69,1
DA:92,2
DA:99,0
DA:104,1
DA:105,1
DA:106,1
DA:107,1
DA:108,1
DA:109,1
DA:110,1
DA:111,1
DA:115,1
DA:116,2
DA:120,2
DA:124,2
DA:128,1
DA:137,33
DA:138,0
LF:35
LH:29
end_of_record
SF:lib\blocs\nonlinear_solver\bloc\states.dart
DA:7,39
DA:9,1
DA:10,1
DA:23,5
DA:28,0
DA:29,0
DA:30,0
DA:31,0
DA:39,37
DA:46,38
LF:10
LH:6
end_of_record
SF:lib\blocs\nonlinear_solver\models\nonlinear_types.dart
DA:2,35
DA:11,35
DA:20,35
LF:3
LH:3
end_of_record
SF:lib\blocs\polynomial_solver\bloc\bloc.dart
DA:17,12
DA:20,3
DA:21,3
DA:22,6
DA:25,3
DA:26,2
DA:30,3
DA:31,9
DA:38,6
DA:39,3
DA:40,2
DA:43,9
DA:44,3
DA:47,3
DA:48,3
DA:49,3
DA:51,2
DA:53,1
DA:55,1
DA:60,3
DA:63,6
DA:64,3
DA:67,3
DA:68,6
DA:69,3
DA:70,3
DA:74,0
DA:76,1
DA:77,1
DA:81,1
DA:82,1
LF:31
LH:30
end_of_record
SF:lib\routes\polynomial_page\polynomial_body.dart
DA:22,32
DA:24,3
DA:26,3
DA:47,37
DA:49,3
DA:50,3
DA:55,6
DA:56,6
DA:64,3
DA:65,6
DA:68,3
DA:69,6
DA:70,0
DA:71,0
DA:72,0
DA:73,0
DA:74,0
DA:75,0
DA:79,3
DA:81,6
DA:82,6
DA:84,3
DA:85,3
DA:86,3
DA:87,3
DA:100,0
DA:102,0
DA:104,0
DA:105,0
DA:107,0
DA:108,0
DA:109,0
DA:110,0
DA:111,0
DA:121,0
DA:122,0
DA:135,37
DA:137,3
DA:138,3
DA:142,3
DA:144,3
DA:145,3
DA:148,3
DA:149,2
DA:152,3
DA:153,3
DA:154,3
DA:155,3
DA:157,3
DA:158,6
DA:159,3
DA:166,3
LF:52
LH:35
end_of_record
SF:lib\blocs\polynomial_solver\bloc\events.dart
DA:10,39
DA:14,1
DA:15,2
DA:21,4
DA:22,2
DA:29,39
LF:6
LH:6
end_of_record
SF:lib\blocs\polynomial_solver\bloc\states.dart
DA:14,42
DA:19,1
DA:20,3
DA:30,5
DA:34,5
DA:36,1
DA:37,4
DA:44,39
DA:51,40
LF:9
LH:9
end_of_record
SF:lib\blocs\polynomial_solver\models\polynomial_types.dart
DA:4,37
LF:1
LH:1
end_of_record
SF:lib\blocs\slider\slider.dart
DA:17,8
DA:21,8
DA:24,1
DA:25,4
DA:26,1
LF:5
LH:5
end_of_record
SF:lib\localization\localization.dart
DA:22,32
LF:1
LH:1
end_of_record
SF:lib\routes\polynomial_page\polynomial_data_input.dart
DA:12,38
DA:16,4
DA:17,8
DA:19,4
DA:21,4
DA:24,4
DA:29,1
DA:34,1
DA:39,1
DA:58,37
DA:63,4
DA:64,4
DA:70,8
DA:71,8
DA:72,8
DA:77,8
DA:79,12
DA:90,8
DA:91,4
DA:92,4
DA:95,16
DA:96,8
DA:98,8
DA:99,8
DA:105,8
DA:106,4
DA:113,2
DA:114,6
DA:115,2
DA:116,10
DA:119,4
DA:121,2
DA:123,2
DA:124,1
DA:125,3
DA:133,0
DA:134,0
DA:135,0
DA:138,0
DA:141,4
DA:143,8
DA:144,4
DA:147,4
DA:150,4
DA:152,4
DA:155,4
DA:159,4
DA:162,4
DA:164,4
DA:165,4
DA:166,4
DA:169,4
DA:178,4
DA:180,4
DA:182,4
DA:184,4
DA:185,12
DA:192,4
DA:194,0
DA:195,12
LF:60
LH:55
end_of_record
SF:lib\routes\polynomial_page\polynomial_results.dart
DA:14,38
DA:16,4
DA:18,4
DA:19,4
DA:25,4
DA:26,8
DA:27,4
DA:41,4
DA:42,8
DA:43,4
DA:59,37
DA:61,4
DA:62,4
DA:69,0
DA:70,0
DA:71,0
DA:73,4
DA:75,4
DA:76,4
DA:77,4
DA:78,2
DA:81,4
DA:82,4
DA:83,4
DA:95,37
DA:97,0
DA:99,4
DA:101,4
DA:108,0
DA:109,0
DA:110,0
DA:112,4
DA:114,4
DA:116,4
DA:117,1
DA:118,1
DA:119,0
DA:120,0
DA:121,0
DA:127,4
DA:128,4
DA:129,2
DA:130,2
LF:43
LH:33
end_of_record
SF:lib\routes\utils\body_pages\go_back_button.dart
DA:6,69
DA:8,6
DA:10,6
DA:12,0
LF:4
LH:3
end_of_record
SF:lib\routes\utils\body_pages\page_title.dart
DA:13,6
DA:18,6
DA:20,6
DA:22,6
DA:24,6
DA:25,6
DA:27,6
DA:29,6
DA:30,6
LF:9
LH:9
end_of_record
SF:lib\routes\utils\plot_widget\plot_mode.dart
DA:11,2
DA:16,0
DA:17,0
DA:23,1
DA:25,1
DA:27,1
DA:28,3
DA:34,1
DA:36,1
DA:38,1
DA:39,2
LF:11
LH:9
end_of_record
SF:lib\routes\utils\plot_widget\plot_widget.dart
DA:21,5
DA:25,5
DA:27,5
DA:28,10
DA:33,5
DA:35,5
DA:37,5
DA:39,5
DA:40,5
DA:47,7
DA:57,5
DA:61,5
DA:63,5
DA:64,5
DA:65,10
DA:67,5
DA:70,5
DA:71,5
DA:72,0
DA:73,5
DA:74,5
DA:75,5
DA:76,5
DA:77,5
DA:79,5
DA:91,37
DA:93,0
DA:94,0
DA:96,2
DA:98,2
DA:99,2
DA:100,2
DA:105,0
DA:106,4
LF:34
LH:30
end_of_record
SF:lib\routes\utils\section_title.dart
DA:14,8
DA:19,8
DA:21,8
DA:23,8
DA:24,8
DA:26,8
DA:28,8
DA:29,8
LF:8
LH:8
end_of_record
SF:lib\routes\utils\sections_logos.dart
DA:10,69
DA:14,6
DA:16,6
DA:18,6
DA:19,6
DA:20,6
DA:31,63
DA:35,6
DA:37,6
DA:39,6
DA:40,6
DA:41,6
DA:52,1
DA:56,1
DA:58,1
DA:60,1
DA:61,1
DA:62,1
DA:73,1
DA:77,1
DA:79,1
DA:81,1
DA:82,1
DA:83,1
DA:90,37
DA:92,8
LF:26
LH:26
end_of_record
SF:lib\routes\polynomial_page\polynomial_input_field.dart
DA:15,5
DA:19,5
DA:21,3
DA:23,3
DA:24,4
DA:29,5
DA:31,5
DA:33,5
DA:35,5
DA:37,5
DA:43,5
DA:45,6
LF:12
LH:12
end_of_record
SF:lib\routes\utils\body_pages\equation_text_formatter.dart
DA:9,5
DA:13,5
DA:15,5
DA:16,5
DA:18,15
DA:22,5
DA:23,5
DA:24,5
LF:8
LH:8
end_of_record
SF:lib\routes\polynomial_page\utils\complex_result_card.dart
DA:16,3
DA:21,3
DA:23,3
DA:24,3
DA:26,3
DA:28,3
DA:30,3
DA:31,12
DA:32,3
DA:33,9
LF:10
LH:10
end_of_record
SF:lib\routes\polynomial_page\utils\no_discriminant.dart
DA:8,38
DA:10,5
DA:12,5
DA:13,5
DA:15,5
DA:16,10
LF:6
LH:6
end_of_record
SF:lib\routes\utils\no_results.dart
DA:8,69
DA:10,8
DA:12,8
DA:13,8
DA:15,8
DA:16,16
LF:6
LH:6
end_of_record
SF:lib\routes\utils\plot_widget\plotter_painter.dart
DA:24,5
DA:29,5
DA:30,5
DA:32,5
DA:34,5
DA:35,5
DA:38,5
DA:39,2
DA:43,2
DA:45,12
DA:48,5
DA:49,5
DA:50,5
DA:51,5
DA:54,20
DA:55,20
DA:56,40
DA:60,5
DA:61,5
DA:62,5
DA:63,5
DA:66,5
DA:67,15
DA:68,15
DA:70,5
DA:71,5
DA:74,15
DA:75,5
DA:80,20
DA:81,20
DA:83,20
DA:84,20
DA:88,2
DA:89,2
DA:90,2
DA:91,2
DA:96,2
DA:97,2
DA:102,6
DA:103,8
DA:107,4
DA:109,2
DA:110,8
DA:112,4
DA:113,2
DA:120,2
DA:121,2
DA:122,16
DA:123,16
DA:127,2
DA:128,2
DA:129,16
DA:130,18
LF:53
LH:53
end_of_record
SF:lib\main.dart
DA:8,1
DA:10,1
DA:11,0
DA:12,0
DA:16,1
DA:22,32
DA:24,1
DA:26,1
DA:31,3
DA:38,3
LF:10
LH:8
end_of_record
SF:lib\routes.dart
DA:18,3
DA:19,3
DA:20,3
DA:21,2
DA:22,1
DA:25,2
DA:26,2
DA:27,1
DA:30,2
DA:31,2
DA:32,1
DA:56,32
DA:58,1
DA:59,2
LF:14
LH:14
end_of_record
SF:lib\routes\home_page.dart
DA:12,32
DA:14,2
DA:16,2
DA:17,2
DA:18,2
DA:19,2
LF:6
LH:6
end_of_record
SF:lib\routes\nonlinear_page.dart
DA:16,32
DA:18,2
DA:19,2
DA:24,4
DA:25,2
DA:26,6
DA:27,2
DA:28,4
DA:32,2
DA:33,6
DA:34,2
DA:35,0
DA:41,2
DA:43,2
DA:44,2
LF:15
LH:14
end_of_record
SF:lib\routes\polynomial_page.dart
DA:18,32
DA:20,2
DA:21,2
DA:26,4
DA:27,2
DA:28,6
DA:29,2
DA:30,4
DA:34,2
DA:35,6
DA:36,2
DA:37,0
DA:41,2
DA:42,6
DA:43,2
DA:44,0
DA:48,2
DA:49,6
DA:50,2
DA:51,0
DA:57,2
DA:59,2
DA:60,2
LF:23
LH:20
end_of_record
SF:lib\routes\home_page\home_contents.dart
DA:11,32
DA:13,3
DA:15,3
DA:17,3
DA:19,3
DA:20,3
DA:22,6
DA:24,1
DA:25,2
DA:27,3
DA:29,6
DA:31,1
DA:32,2
LF:13
LH:13
end_of_record
SF:lib\routes\utils\app_logo.dart
DA:6,32
DA:8,3
DA:10,3
DA:12,3
LF:4
LH:4
end_of_record
SF:lib\routes\utils\equation_scaffold.dart
DA:37,3
DA:44,4
DA:49,9
DA:53,6
DA:56,12
DA:57,3
DA:58,6
DA:59,3
DA:60,3
DA:61,6
DA:63,3
DA:70,4
DA:71,8
DA:72,4
DA:73,4
DA:74,8
DA:78,8
DA:79,4
DA:81,4
DA:82,4
DA:83,4
DA:87,4
DA:88,4
DA:90,4
DA:94,0
DA:96,0
DA:97,0
DA:98,0
DA:102,0
DA:123,6
DA:128,6
DA:130,6
DA:131,6
DA:132,6
DA:140,6
DA:141,0
DA:148,6
DA:149,6
DA:150,6
DA:164,6
DA:168,6
DA:170,6
DA:171,6
DA:173,6
DA:174,6
DA:183,31
DA:185,6
DA:187,24
DA:189,6
DA:190,12
DA:191,6
DA:203,31
DA:205,0
DA:207,0
DA:209,0
LF:55
LH:46
end_of_record
SF:lib\routes\home_page\card_containers.dart
DA:17,4
DA:22,4
DA:24,4
DA:26,4
DA:28,4
DA:30,4
DA:31,4
DA:32,4
DA:35,4
DA:37,4
DA:38,4
DA:39,4
DA:40,4
DA:42,4
DA:44,4
DA:45,4
LF:16
LH:16
end_of_record
SF:lib\routes\nonlinear_page\nonlinear_body.dart
DA:25,32
DA:27,3
DA:28,3
DA:32,9
DA:34,3
DA:35,6
DA:36,3
DA:39,3
DA:41,3
DA:42,3
DA:43,3
DA:44,6
DA:50,3
DA:51,6
DA:52,3
DA:56,3
DA:78,31
DA:80,3
DA:81,3
DA:86,6
DA:87,6
DA:95,3
DA:96,6
DA:98,3
DA:99,6
DA:100,0
DA:103,3
DA:105,6
DA:106,6
DA:108,3
DA:110,3
DA:111,3
DA:112,3
DA:125,0
DA:127,0
DA:129,0
DA:130,0
DA:132,0
DA:133,0
DA:135,0
DA:136,0
DA:137,0
DA:147,0
DA:148,0
DA:161,31
DA:163,3
DA:164,3
DA:168,3
DA:170,3
DA:171,3
DA:174,3
DA:175,2
DA:178,3
DA:179,3
DA:180,3
DA:181,3
DA:183,3
DA:184,6
DA:185,3
DA:192,3
LF:60
LH:48
end_of_record
SF:lib\routes\utils\equation_scaffold\navigation_item.dart
DA:21,8
DA:28,0
DA:29,0
DA:30,0
DA:31,0
DA:32,0
DA:33,0
LF:7
LH:1
end_of_record
SF:lib\routes\nonlinear_page\nonlinear_data_input.dart
DA:16,32
DA:18,4
DA:19,4
DA:24,8
DA:25,4
DA:26,8
DA:31,8
DA:33,8
DA:38,8
DA:39,4
DA:40,4
DA:48,16
DA:51,12
DA:54,0
DA:55,0
DA:56,0
DA:59,0
DA:60,0
DA:64,2
DA:65,6
DA:66,4
DA:67,4
DA:69,4
DA:70,4
DA:71,2
DA:72,2
DA:73,6
DA:74,6
DA:75,6
DA:79,0
DA:80,0
DA:81,0
DA:82,0
DA:83,0
DA:84,0
DA:85,0
DA:90,2
DA:91,1
DA:92,3
DA:99,4
DA:101,4
DA:102,4
DA:103,4
DA:106,4
DA:111,4
DA:114,4
DA:132,4
DA:134,4
DA:136,4
DA:138,4
DA:139,12
DA:146,4
DA:148,0
DA:149,12
DA:171,4
DA:176,4
DA:178,4
DA:181,4
DA:182,4
DA:184,8
DA:190,8
DA:191,1
DA:193,2
LF:63
LH:50
end_of_record
SF:lib\routes\nonlinear_page\nonlinear_results.dart
DA:13,32
DA:15,4
DA:17,4
DA:18,4
DA:24,4
DA:25,8
DA:26,4
DA:40,31
DA:42,4
DA:43,4
DA:50,0
DA:51,0
DA:52,0
DA:54,4
DA:56,4
DA:57,1
DA:58,1
DA:59,0
DA:60,0
DA:61,0
DA:67,4
DA:68,4
DA:70,6
DA:71,4
DA:72,4
DA:74,2
DA:77,2
DA:79,2
DA:85,2
DA:86,6
DA:91,2
DA:92,6
LF:32
LH:26
end_of_record
SF:lib\routes\nonlinear_page\utils\dropdown_selection.dart
DA:9,32
DA:11,5
DA:12,5
DA:19,15
DA:21,5
DA:22,10
DA:24,5
DA:59,0
DA:60,0
DA:62,5
DA:64,5
DA:65,5
DA:67,5
DA:68,5
DA:69,5
DA:78,0
DA:79,5
LF:17
LH:14
end_of_record
SF:lib\routes\nonlinear_page\utils\nonlinear_input.dart
DA:31,4
DA:38,4
DA:40,2
DA:42,2
DA:43,2
DA:45,2
DA:49,4
DA:51,4
DA:52,4
DA:53,4
DA:57,16
DA:58,0
DA:61,4
DA:63,4
DA:64,4
DA:65,4
DA:67,4
DA:68,4
DA:70,4
LF:19
LH:18
end_of_record
SF:lib\routes\nonlinear_page\utils\precision_slider.dart
DA:9,32
DA:11,0
DA:12,0
DA:14,5
DA:16,5
DA:17,5
DA:20,10
DA:21,1
DA:24,5
DA:26,5
DA:28,5
DA:30,5
DA:31,5
DA:32,5
DA:37,0
DA:45,5
DA:47,5
DA:49,5
DA:51,15
DA:54,5
DA:55,5
DA:56,15
LF:22
LH:19
end_of_record
SF:lib\routes\nonlinear_page\real_result_card.dart
DA:22,3
DA:28,3
DA:29,3
DA:30,6
DA:33,3
DA:36,3
DA:40,3
DA:41,2
DA:42,1
DA:43,3
DA:48,6
DA:50,3
DA:51,3
DA:53,3
DA:55,3
DA:57,3
DA:58,9
LF:17
LH:17
end_of_record
SF:lib\routes\utils\equation_scaffold\bottom_navigation_bar.dart
DA:13,5
DA:17,5
DA:18,5
DA:26,15
DA:27,5
DA:28,10
DA:29,5
DA:30,5
DA:31,5
DA:34,5
DA:36,5
DA:38,5
DA:39,0
DA:40,10
DA:42,5
DA:45,0
LF:16
LH:14
end_of_record
SF:lib\routes\utils\equation_scaffold\rail_navigation.dart
DA:14,1
DA:18,1
DA:19,1
DA:24,1
DA:25,4
DA:26,1
DA:27,1
DA:28,1
DA:29,2
DA:31,1
DA:33,1
DA:35,1
DA:36,1
DA:38,1
DA:39,1
DA:40,2
DA:51,1
DA:52,0
DA:53,2
DA:55,1
DA:58,0
DA:59,0
LF:22
LH:19
end_of_record
SF:lib\routes\utils\equation_scaffold\tabbed_layout.dart
DA:15,6
DA:19,6
DA:20,6
DA:31,18
DA:32,18
DA:33,6
DA:35,6
DA:37,6
DA:39,12
DA:40,18
DA:45,6
DA:47,12
DA:48,6
DA:52,3
DA:54,6
DA:56,6
DA:57,0
DA:58,0
DA:59,6
DA:61,6
DA:62,6
LF:21
LH:19
end_of_record
